# JRE version: Java(TM) SE Runtime Environment (8.0_121-b13) (build 1.8.0_121-b13)
# Java VM: Java HotSpot(TM) 64-Bit Server VM (25.121-b13 mixed mode windows-amd64 compressed oops)
Heap:
 PSYoungGen      total 136704K, used 48359K [0x00000000ebd00000, 0x00000000f4c00000, 0x0000000100000000)
  eden space 126976K, 30% used [0x00000000ebd00000,0x00000000ee2bda98,0x00000000f3900000)
  from space 9728K, 99% used [0x00000000f3900000,0x00000000f427c290,0x00000000f4280000)
  to   space 9216K, 0% used [0x00000000f4300000,0x00000000f4300000,0x00000000f4c00000)
 ParOldGen       total 74240K, used 49649K [0x00000000c3600000, 0x00000000c7e80000, 0x00000000ebd00000)
  object space 74240K, 66% used [0x00000000c3600000,0x00000000c667c7f8,0x00000000c7e80000)
 Metaspace       used 24950K, capacity 25524K, committed 25728K, reserved 1073152K
  class space    used 2794K, capacity 2939K, committed 2944K, reserved 1048576K
GC Heap History (10 events):
Event: 8.867 GC heap before
{Heap before GC invocations=4 (full 0):
 PSYoungGen      total 34304K, used 34272K [0x00000000ebd00000, 0x00000000f0000000, 0x0000000100000000)
  eden space 31744K, 100% used [0x00000000ebd00000,0x00000000edc00000,0x00000000edc00000)
  from space 2560K, 98% used [0x00000000edc00000,0x00000000ede78020,0x00000000ede80000)
  to   space 2560K, 0% used [0x00000000efd80000,0x00000000efd80000,0x00000000f0000000)
 ParOldGen       total 42496K, used 5035K [0x00000000c3600000, 0x00000000c5f80000, 0x00000000ebd00000)
  object space 42496K, 11% used [0x00000000c3600000,0x00000000c3aeac80,0x00000000c5f80000)
 Metaspace       used 14676K, capacity 14986K, committed 15232K, reserved 1062912K
  class space    used 1813K, capacity 1910K, committed 1920K, reserved 1048576K
Event: 8.883 GC heap after
Heap after GC invocations=4 (full 0):
 PSYoungGen      total 66048K, used 2543K [0x00000000ebd00000, 0x00000000f0000000, 0x0000000100000000)
  eden space 63488K, 0% used [0x00000000ebd00000,0x00000000ebd00000,0x00000000efb00000)
  from space 2560K, 99% used [0x00000000efd80000,0x00000000efffbc40,0x00000000f0000000)
  to   space 2560K, 0% used [0x00000000efb00000,0x00000000efb00000,0x00000000efd80000)
 ParOldGen       total 42496K, used 9178K [0x00000000c3600000, 0x00000000c5f80000, 0x00000000ebd00000)
  object space 42496K, 21% used [0x00000000c3600000,0x00000000c3ef68a0,0x00000000c5f80000)
 Metaspace       used 14676K, capacity 14986K, committed 15232K, reserved 1062912K
  class space    used 1813K, capacity 1910K, committed 1920K, reserved 1048576K
}
Event: 13.561 GC heap before
{Heap before GC invocations=5 (full 0):
 PSYoungGen      total 66048K, used 66031K [0x00000000ebd00000, 0x00000000f0000000, 0x0000000100000000)
  eden space 63488K, 100% used [0x00000000ebd00000,0x00000000efb00000,0x00000000efb00000)
  from space 2560K, 99% used [0x00000000efd80000,0x00000000efffbc40,0x00000000f0000000)
  to   space 2560K, 0% used [0x00000000efb00000,0x00000000efb00000,0x00000000efd80000)
 ParOldGen       total 42496K, used 9178K [0x00000000c3600000, 0x00000000c5f80000, 0x00000000ebd00000)
  object space 42496K, 21% used [0x00000000c3600000,0x00000000c3ef68a0,0x00000000c5f80000)
 Metaspace       used 16359K, capacity 16792K, committed 17152K, reserved 1064960K
  class space    used 1921K, capacity 2013K, committed 2048K, reserved 1048576K
Event: 13.590 GC heap after
Heap after GC invocations=5 (full 0):
 PSYoungGen      total 66048K, used 2528K [0x00000000ebd00000, 0x00000000f4d00000, 0x0000000100000000)
  eden space 63488K, 0% used [0x00000000ebd00000,0x00000000ebd00000,0x00000000efb00000)
  from space 2560K, 98% used [0x00000000efb00000,0x00000000efd78040,0x00000000efd80000)
  to   space 10240K, 0% used [0x00000000f4300000,0x00000000f4300000,0x00000000f4d00000)
 ParOldGen       total 42496K, used 15572K [0x00000000c3600000, 0x00000000c5f80000, 0x00000000ebd00000)
  object space 42496K, 36% used [0x00000000c3600000,0x00000000c4535190,0x00000000c5f80000)
 Metaspace       used 16359K, capacity 16792K, committed 17152K, reserved 1064960K
  class space    used 1921K, capacity 2013K, committed 2048K, reserved 1048576K
}
Event: 17.649 GC heap before
{Heap before GC invocations=6 (full 0):
 PSYoungGen      total 66048K, used 65829K [0x00000000ebd00000, 0x00000000f4d00000, 0x0000000100000000)
  eden space 63488K, 99% used [0x00000000ebd00000,0x00000000efad15a8,0x00000000efb00000)
  from space 2560K, 98% used [0x00000000efb00000,0x00000000efd78040,0x00000000efd80000)
  to   space 10240K, 0% used [0x00000000f4300000,0x00000000f4300000,0x00000000f4d00000)
 ParOldGen       total 42496K, used 15572K [0x00000000c3600000, 0x00000000c5f80000, 0x00000000ebd00000)
  object space 42496K, 36% used [0x00000000c3600000,0x00000000c4535190,0x00000000c5f80000)
 Metaspace       used 17738K, capacity 18196K, committed 18304K, reserved 1064960K
  class space    used 2046K, capacity 2155K, committed 2176K, reserved 1048576K
Event: 17.703 GC heap after
Heap after GC invocations=6 (full 0):
 PSYoungGen      total 136192K, used 5491K [0x00000000ebd00000, 0x00000000f4c00000, 0x0000000100000000)
  eden space 126976K, 0% used [0x00000000ebd00000,0x00000000ebd00000,0x00000000f3900000)
  from space 9216K, 59% used [0x00000000f4300000,0x00000000f485cf88,0x00000000f4c00000)
  to   space 9728K, 0% used [0x00000000f3900000,0x00000000f3900000,0x00000000f4280000)
 ParOldGen       total 42496K, used 34772K [0x00000000c3600000, 0x00000000c5f80000, 0x00000000ebd00000)
  object space 42496K, 81% used [0x00000000c3600000,0x00000000c57f51b0,0x00000000c5f80000)
 Metaspace       used 17738K, capacity 18196K, committed 18304K, reserved 1064960K
  class space    used 2046K, capacity 2155K, committed 2176K, reserved 1048576K
}
Event: 17.703 GC heap before
{Heap before GC invocations=7 (full 1):
 PSYoungGen      total 136192K, used 5491K [0x00000000ebd00000, 0x00000000f4c00000, 0x0000000100000000)
  eden space 126976K, 0% used [0x00000000ebd00000,0x00000000ebd00000,0x00000000f3900000)
  from space 9216K, 59% used [0x00000000f4300000,0x00000000f485cf88,0x00000000f4c00000)
  to   space 9728K, 0% used [0x00000000f3900000,0x00000000f3900000,0x00000000f4280000)
 ParOldGen       total 42496K, used 34772K [0x00000000c3600000, 0x00000000c5f80000, 0x00000000ebd00000)
  object space 42496K, 81% used [0x00000000c3600000,0x00000000c57f51b0,0x00000000c5f80000)
 Metaspace       used 17738K, capacity 18196K, committed 18304K, reserved 1064960K
  class space    used 2046K, capacity 2155K, committed 2176K, reserved 1048576K
Event: 18.065 GC heap after
Heap after GC invocations=7 (full 1):
 PSYoungGen      total 136192K, used 0K [0x00000000ebd00000, 0x00000000f4c00000, 0x0000000100000000)
  eden space 126976K, 0% used [0x00000000ebd00000,0x00000000ebd00000,0x00000000f3900000)
  from space 9216K, 0% used [0x00000000f4300000,0x00000000f4300000,0x00000000f4c00000)
  to   space 9728K, 0% used [0x00000000f3900000,0x00000000f3900000,0x00000000f4280000)
 ParOldGen       total 74240K, used 31830K [0x00000000c3600000, 0x00000000c7e80000, 0x00000000ebd00000)
  object space 74240K, 42% used [0x00000000c3600000,0x00000000c5515870,0x00000000c7e80000)
 Metaspace       used 17738K, capacity 18196K, committed 18304K, reserved 1064960K
  class space    used 2046K, capacity 2155K, committed 2176K, reserved 1048576K
}
Event: 31.313 GC heap before
{Heap before GC invocations=8 (full 1):
 PSYoungGen      total 136192K, used 126976K [0x00000000ebd00000, 0x00000000f4c00000, 0x0000000100000000)
  eden space 126976K, 100% used [0x00000000ebd00000,0x00000000f3900000,0x00000000f3900000)
  from space 9216K, 0% used [0x00000000f4300000,0x00000000f4300000,0x00000000f4c00000)
  to   space 9728K, 0% used [0x00000000f3900000,0x00000000f3900000,0x00000000f4280000)
 ParOldGen       total 74240K, used 31830K [0x00000000c3600000, 0x00000000c7e80000, 0x00000000ebd00000)
  object space 74240K, 42% used [0x00000000c3600000,0x00000000c5515870,0x00000000c7e80000)
 Metaspace       used 23353K, capacity 23924K, committed 24064K, reserved 1071104K
  class space    used 2665K, capacity 2811K, committed 2816K, reserved 1048576K
Event: 31.369 GC heap after
Heap after GC invocations=8 (full 1):
 PSYoungGen      total 136704K, used 9712K [0x00000000ebd00000, 0x00000000f4c00000, 0x0000000100000000)
  eden space 126976K, 0% used [0x00000000ebd00000,0x00000000ebd00000,0x00000000f3900000)
  from space 9728K, 99% used [0x00000000f3900000,0x00000000f427c290,0x00000000f4280000)
  to   space 9216K, 0% used [0x00000000f4300000,0x00000000f4300000,0x00000000f4c00000)
 ParOldGen       total 74240K, used 49649K [0x00000000c3600000, 0x00000000c7e80000, 0x00000000ebd00000)
  object space 74240K, 66% used [0x00000000c3600000,0x00000000c667c7f8,0x00000000c7e80000)
 Metaspace       used 23353K, capacity 23924K, committed 24064K, reserved 1071104K
  class space    used 2665K, capacity 2811K, committed 2816K, reserved 1048576K
}

